test/test_12110804_2.spl:5:11: [31merror:[0m missing closing bracket ']' [[31mB[0m]
test/test_12110804_2.spl:7:11: [31merror:[0m missing semicolon ';' [[31mB[0m]
test/test_12110804_2.spl:3:5: [31merror:[0m invalid function body [[31mB[0m]
       5 |    int a[[31m3[0m;
         |          [31m^[0m
       7 |    int c8[31m][0m;
         |          [31m^[0m
       3 |int [31mmain()[0m
         |    [31m^~~~~~[0m
